Arguments: 
  /usr/bin/node /usr/local/bin/yarn add --exact --cwd /home/piush/Documents/projects/doco-code react react-dom next typescript @types/react @types/node @types/react-dom tailwindcss postcss autoprefixer eslint eslint-config-next

PATH: 
  /usr/local/sbin:/usr/local/bin:/usr/bin:/usr/lib/jvm/default/bin:/usr/bin/site_perl:/usr/bin/vendor_perl:/usr/bin/core_perl:/home/piush/.local/share/JetBrains/Toolbox/scripts:/home/piush/.pub-cache/bin:/home/piush/node_modules/.bin:/home/piush/.cargo/bin:/home/piush/.local/bin:/home/piush/snap/flutter/common/flutter/bin

Yarn version: 
  1.22.19

Node version: 
  20.2.0

Platform: 
  linux x64

Trace: 
  Error: read ENETUNREACH
      at TLSWrap.onStreamRead (node:internal/stream_base_commons:217:20)

npm manifest: 
  {
    "name": "doco-code",
    "version": "0.1.0",
    "private": true,
    "scripts": {
      "dev": "next dev",
      "build": "next build",
      "start": "next start",
      "lint": "next lint"
    }
  }

yarn manifest: 
  No manifest

Lockfile: 
  # THIS IS AN AUTOGENERATED FILE. DO NOT EDIT THIS FILE DIRECTLY.
  # yarn lockfile v1
